<?xml version="1.0" encoding="UTF-8"?>
<testsuite xmlns:xsi="http://www.w3.org/2001/XMLSchema-instance" xsi:noNamespaceSchemaLocation="https://maven.apache.org/surefire/maven-surefire-plugin/xsd/surefire-test-report.xsd" name="guru.springframework.sfgpetclinic.GuruPetClinicApplicationTests" time="8.652" tests="1" errors="0" skipped="0" failures="0">
  <properties>
    <property name="sun.desktop" value="windows"/>
    <property name="awt.toolkit" value="sun.awt.windows.WToolkit"/>
    <property name="file.encoding.pkg" value="sun.io"/>
    <property name="java.specification.version" value="1.8"/>
    <property name="sun.cpu.isalist" value="amd64"/>
    <property name="sun.jnu.encoding" value="Cp1252"/>
    <property name="java.class.path" value="D:\Develop\repositoriosGit\gitKraken\guru-pet-clinic\guru-pet-clinic-web\target\test-classes;D:\Develop\repositoriosGit\gitKraken\guru-pet-clinic\guru-pet-clinic-web\target\classes;D:\Develop\repositoriosGit\gitKraken\guru-pet-clinic\guru-pet-clinic-data\target\guru-pet-clinic-data-0.0.1-SNAPSHOT.jar;D:\repositorioLocalMaven\org\springframework\boot\spring-boot-starter-data-jpa\2.1.1.RELEASE\spring-boot-starter-data-jpa-2.1.1.RELEASE.jar;D:\repositorioLocalMaven\org\springframework\boot\spring-boot-starter-aop\2.1.1.RELEASE\spring-boot-starter-aop-2.1.1.RELEASE.jar;D:\repositorioLocalMaven\org\aspectj\aspectjweaver\1.9.2\aspectjweaver-1.9.2.jar;D:\repositorioLocalMaven\org\springframework\boot\spring-boot-starter-jdbc\2.1.1.RELEASE\spring-boot-starter-jdbc-2.1.1.RELEASE.jar;D:\repositorioLocalMaven\com\zaxxer\HikariCP\3.2.0\HikariCP-3.2.0.jar;D:\repositorioLocalMaven\org\springframework\spring-jdbc\5.1.3.RELEASE\spring-jdbc-5.1.3.RELEASE.jar;D:\repositorioLocalMaven\javax\transaction\javax.transaction-api\1.3\javax.transaction-api-1.3.jar;D:\repositorioLocalMaven\javax\xml\bind\jaxb-api\2.3.1\jaxb-api-2.3.1.jar;D:\repositorioLocalMaven\javax\activation\javax.activation-api\1.2.0\javax.activation-api-1.2.0.jar;D:\repositorioLocalMaven\org\hibernate\hibernate-core\5.3.7.Final\hibernate-core-5.3.7.Final.jar;D:\repositorioLocalMaven\javax\persistence\javax.persistence-api\2.2\javax.persistence-api-2.2.jar;D:\repositorioLocalMaven\org\javassist\javassist\3.23.1-GA\javassist-3.23.1-GA.jar;D:\repositorioLocalMaven\antlr\antlr\2.7.7\antlr-2.7.7.jar;D:\repositorioLocalMaven\org\jboss\jandex\2.0.5.Final\jandex-2.0.5.Final.jar;D:\repositorioLocalMaven\org\dom4j\dom4j\2.1.1\dom4j-2.1.1.jar;D:\repositorioLocalMaven\org\hibernate\common\hibernate-commons-annotations\5.0.4.Final\hibernate-commons-annotations-5.0.4.Final.jar;D:\repositorioLocalMaven\org\springframework\data\spring-data-jpa\2.1.3.RELEASE\spring-data-jpa-2.1.3.RELEASE.jar;D:\repositorioLocalMaven\org\springframework\data\spring-data-commons\2.1.3.RELEASE\spring-data-commons-2.1.3.RELEASE.jar;D:\repositorioLocalMaven\org\springframework\spring-orm\5.1.3.RELEASE\spring-orm-5.1.3.RELEASE.jar;D:\repositorioLocalMaven\org\springframework\spring-tx\5.1.3.RELEASE\spring-tx-5.1.3.RELEASE.jar;D:\repositorioLocalMaven\org\springframework\spring-aspects\5.1.3.RELEASE\spring-aspects-5.1.3.RELEASE.jar;D:\repositorioLocalMaven\com\h2database\h2\1.4.197\h2-1.4.197.jar;D:\repositorioLocalMaven\mysql\mysql-connector-java\8.0.13\mysql-connector-java-8.0.13.jar;D:\repositorioLocalMaven\org\springframework\boot\spring-boot-starter-actuator\2.1.1.RELEASE\spring-boot-starter-actuator-2.1.1.RELEASE.jar;D:\repositorioLocalMaven\org\springframework\boot\spring-boot-starter\2.1.1.RELEASE\spring-boot-starter-2.1.1.RELEASE.jar;D:\repositorioLocalMaven\org\springframework\boot\spring-boot-starter-logging\2.1.1.RELEASE\spring-boot-starter-logging-2.1.1.RELEASE.jar;D:\repositorioLocalMaven\ch\qos\logback\logback-classic\1.2.3\logback-classic-1.2.3.jar;D:\repositorioLocalMaven\ch\qos\logback\logback-core\1.2.3\logback-core-1.2.3.jar;D:\repositorioLocalMaven\org\apache\logging\log4j\log4j-to-slf4j\2.11.1\log4j-to-slf4j-2.11.1.jar;D:\repositorioLocalMaven\org\apache\logging\log4j\log4j-api\2.11.1\log4j-api-2.11.1.jar;D:\repositorioLocalMaven\org\slf4j\jul-to-slf4j\1.7.25\jul-to-slf4j-1.7.25.jar;D:\repositorioLocalMaven\javax\annotation\javax.annotation-api\1.3.2\javax.annotation-api-1.3.2.jar;D:\repositorioLocalMaven\org\yaml\snakeyaml\1.23\snakeyaml-1.23.jar;D:\repositorioLocalMaven\org\springframework\boot\spring-boot-actuator-autoconfigure\2.1.1.RELEASE\spring-boot-actuator-autoconfigure-2.1.1.RELEASE.jar;D:\repositorioLocalMaven\org\springframework\boot\spring-boot-actuator\2.1.1.RELEASE\spring-boot-actuator-2.1.1.RELEASE.jar;D:\repositorioLocalMaven\com\fasterxml\jackson\core\jackson-databind\2.9.7\jackson-databind-2.9.7.jar;D:\repositorioLocalMaven\com\fasterxml\jackson\core\jackson-annotations\2.9.0\jackson-annotations-2.9.0.jar;D:\repositorioLocalMaven\org\springframework\spring-context\5.1.3.RELEASE\spring-context-5.1.3.RELEASE.jar;D:\repositorioLocalMaven\com\fasterxml\jackson\datatype\jackson-datatype-jsr310\2.9.7\jackson-datatype-jsr310-2.9.7.jar;D:\repositorioLocalMaven\io\micrometer\micrometer-core\1.1.1\micrometer-core-1.1.1.jar;D:\repositorioLocalMaven\org\hdrhistogram\HdrHistogram\2.1.9\HdrHistogram-2.1.9.jar;D:\repositorioLocalMaven\org\latencyutils\LatencyUtils\2.0.3\LatencyUtils-2.0.3.jar;D:\repositorioLocalMaven\org\springframework\boot\spring-boot-starter-thymeleaf\2.1.1.RELEASE\spring-boot-starter-thymeleaf-2.1.1.RELEASE.jar;D:\repositorioLocalMaven\org\thymeleaf\thymeleaf-spring5\3.0.11.RELEASE\thymeleaf-spring5-3.0.11.RELEASE.jar;D:\repositorioLocalMaven\org\thymeleaf\thymeleaf\3.0.11.RELEASE\thymeleaf-3.0.11.RELEASE.jar;D:\repositorioLocalMaven\org\attoparser\attoparser\2.0.5.RELEASE\attoparser-2.0.5.RELEASE.jar;D:\repositorioLocalMaven\org\unbescape\unbescape\1.1.6.RELEASE\unbescape-1.1.6.RELEASE.jar;D:\repositorioLocalMaven\org\thymeleaf\extras\thymeleaf-extras-java8time\3.0.2.RELEASE\thymeleaf-extras-java8time-3.0.2.RELEASE.jar;D:\repositorioLocalMaven\org\springframework\boot\spring-boot-starter-web\2.1.1.RELEASE\spring-boot-starter-web-2.1.1.RELEASE.jar;D:\repositorioLocalMaven\org\springframework\boot\spring-boot-starter-json\2.1.1.RELEASE\spring-boot-starter-json-2.1.1.RELEASE.jar;D:\repositorioLocalMaven\com\fasterxml\jackson\datatype\jackson-datatype-jdk8\2.9.7\jackson-datatype-jdk8-2.9.7.jar;D:\repositorioLocalMaven\com\fasterxml\jackson\module\jackson-module-parameter-names\2.9.7\jackson-module-parameter-names-2.9.7.jar;D:\repositorioLocalMaven\org\springframework\boot\spring-boot-starter-tomcat\2.1.1.RELEASE\spring-boot-starter-tomcat-2.1.1.RELEASE.jar;D:\repositorioLocalMaven\org\apache\tomcat\embed\tomcat-embed-core\9.0.13\tomcat-embed-core-9.0.13.jar;D:\repositorioLocalMaven\org\apache\tomcat\embed\tomcat-embed-el\9.0.13\tomcat-embed-el-9.0.13.jar;D:\repositorioLocalMaven\org\apache\tomcat\embed\tomcat-embed-websocket\9.0.13\tomcat-embed-websocket-9.0.13.jar;D:\repositorioLocalMaven\org\hibernate\validator\hibernate-validator\6.0.13.Final\hibernate-validator-6.0.13.Final.jar;D:\repositorioLocalMaven\javax\validation\validation-api\2.0.1.Final\validation-api-2.0.1.Final.jar;D:\repositorioLocalMaven\org\jboss\logging\jboss-logging\3.3.2.Final\jboss-logging-3.3.2.Final.jar;D:\repositorioLocalMaven\com\fasterxml\classmate\1.4.0\classmate-1.4.0.jar;D:\repositorioLocalMaven\org\springframework\spring-web\5.1.3.RELEASE\spring-web-5.1.3.RELEASE.jar;D:\repositorioLocalMaven\org\springframework\spring-beans\5.1.3.RELEASE\spring-beans-5.1.3.RELEASE.jar;D:\repositorioLocalMaven\org\springframework\spring-webmvc\5.1.3.RELEASE\spring-webmvc-5.1.3.RELEASE.jar;D:\repositorioLocalMaven\org\springframework\spring-aop\5.1.3.RELEASE\spring-aop-5.1.3.RELEASE.jar;D:\repositorioLocalMaven\org\springframework\spring-expression\5.1.3.RELEASE\spring-expression-5.1.3.RELEASE.jar;D:\repositorioLocalMaven\org\springframework\boot\spring-boot-devtools\2.1.1.RELEASE\spring-boot-devtools-2.1.1.RELEASE.jar;D:\repositorioLocalMaven\org\springframework\boot\spring-boot\2.1.1.RELEASE\spring-boot-2.1.1.RELEASE.jar;D:\repositorioLocalMaven\org\springframework\boot\spring-boot-autoconfigure\2.1.1.RELEASE\spring-boot-autoconfigure-2.1.1.RELEASE.jar;D:\repositorioLocalMaven\org\webjars\webjars-locator-core\0.35\webjars-locator-core-0.35.jar;D:\repositorioLocalMaven\org\slf4j\slf4j-api\1.7.25\slf4j-api-1.7.25.jar;D:\repositorioLocalMaven\org\apache\commons\commons-lang3\3.8.1\commons-lang3-3.8.1.jar;D:\repositorioLocalMaven\org\apache\commons\commons-compress\1.9\commons-compress-1.9.jar;D:\repositorioLocalMaven\com\fasterxml\jackson\core\jackson-core\2.9.7\jackson-core-2.9.7.jar;D:\repositorioLocalMaven\org\webjars\jquery\2.2.4\jquery-2.2.4.jar;D:\repositorioLocalMaven\org\webjars\jquery-ui\1.11.4\jquery-ui-1.11.4.jar;D:\repositorioLocalMaven\org\webjars\bootstrap\3.3.6\bootstrap-3.3.6.jar;D:\repositorioLocalMaven\org\springframework\boot\spring-boot-starter-test\2.1.1.RELEASE\spring-boot-starter-test-2.1.1.RELEASE.jar;D:\repositorioLocalMaven\org\springframework\boot\spring-boot-test\2.1.1.RELEASE\spring-boot-test-2.1.1.RELEASE.jar;D:\repositorioLocalMaven\org\springframework\boot\spring-boot-test-autoconfigure\2.1.1.RELEASE\spring-boot-test-autoconfigure-2.1.1.RELEASE.jar;D:\repositorioLocalMaven\com\jayway\jsonpath\json-path\2.4.0\json-path-2.4.0.jar;D:\repositorioLocalMaven\net\minidev\json-smart\2.3\json-smart-2.3.jar;D:\repositorioLocalMaven\net\minidev\accessors-smart\1.2\accessors-smart-1.2.jar;D:\repositorioLocalMaven\org\ow2\asm\asm\5.0.4\asm-5.0.4.jar;D:\repositorioLocalMaven\junit\junit\4.12\junit-4.12.jar;D:\repositorioLocalMaven\org\assertj\assertj-core\3.11.1\assertj-core-3.11.1.jar;D:\repositorioLocalMaven\org\mockito\mockito-core\2.23.4\mockito-core-2.23.4.jar;D:\repositorioLocalMaven\net\bytebuddy\byte-buddy\1.9.5\byte-buddy-1.9.5.jar;D:\repositorioLocalMaven\net\bytebuddy\byte-buddy-agent\1.9.5\byte-buddy-agent-1.9.5.jar;D:\repositorioLocalMaven\org\objenesis\objenesis\2.6\objenesis-2.6.jar;D:\repositorioLocalMaven\org\hamcrest\hamcrest-core\1.3\hamcrest-core-1.3.jar;D:\repositorioLocalMaven\org\hamcrest\hamcrest-library\1.3\hamcrest-library-1.3.jar;D:\repositorioLocalMaven\org\skyscreamer\jsonassert\1.5.0\jsonassert-1.5.0.jar;D:\repositorioLocalMaven\com\vaadin\external\google\android-json\0.0.20131108.vaadin1\android-json-0.0.20131108.vaadin1.jar;D:\repositorioLocalMaven\org\springframework\spring-core\5.1.3.RELEASE\spring-core-5.1.3.RELEASE.jar;D:\repositorioLocalMaven\org\springframework\spring-jcl\5.1.3.RELEASE\spring-jcl-5.1.3.RELEASE.jar;D:\repositorioLocalMaven\org\springframework\spring-test\5.1.3.RELEASE\spring-test-5.1.3.RELEASE.jar;D:\repositorioLocalMaven\org\xmlunit\xmlunit-core\2.6.2\xmlunit-core-2.6.2.jar;"/>
    <property name="java.vm.vendor" value="Oracle Corporation"/>
    <property name="sun.arch.data.model" value="64"/>
    <property name="user.variant" value=""/>
    <property name="java.vendor.url" value="http://java.oracle.com/"/>
    <property name="user.timezone" value="Europe/Paris"/>
    <property name="java.vm.specification.version" value="1.8"/>
    <property name="os.name" value="Windows 10"/>
    <property name="user.country" value="ES"/>
    <property name="sun.java.launcher" value="SUN_STANDARD"/>
    <property name="sun.boot.library.path" value="C:\Program Files\Java\jdk1.8.0_201\jre\bin"/>
    <property name="sun.java.command" value="C:\Users\abelf\AppData\Local\Temp\surefire986741435619021448\surefirebooter1451167266842750079.jar C:\Users\abelf\AppData\Local\Temp\surefire986741435619021448 2019-05-15T17-36-19_747-jvmRun1 surefire8413702043239594836tmp surefire_04451515039588226660tmp"/>
    <property name="surefire.test.class.path" value="D:\Develop\repositoriosGit\gitKraken\guru-pet-clinic\guru-pet-clinic-web\target\test-classes;D:\Develop\repositoriosGit\gitKraken\guru-pet-clinic\guru-pet-clinic-web\target\classes;D:\Develop\repositoriosGit\gitKraken\guru-pet-clinic\guru-pet-clinic-data\target\guru-pet-clinic-data-0.0.1-SNAPSHOT.jar;D:\repositorioLocalMaven\org\springframework\boot\spring-boot-starter-data-jpa\2.1.1.RELEASE\spring-boot-starter-data-jpa-2.1.1.RELEASE.jar;D:\repositorioLocalMaven\org\springframework\boot\spring-boot-starter-aop\2.1.1.RELEASE\spring-boot-starter-aop-2.1.1.RELEASE.jar;D:\repositorioLocalMaven\org\aspectj\aspectjweaver\1.9.2\aspectjweaver-1.9.2.jar;D:\repositorioLocalMaven\org\springframework\boot\spring-boot-starter-jdbc\2.1.1.RELEASE\spring-boot-starter-jdbc-2.1.1.RELEASE.jar;D:\repositorioLocalMaven\com\zaxxer\HikariCP\3.2.0\HikariCP-3.2.0.jar;D:\repositorioLocalMaven\org\springframework\spring-jdbc\5.1.3.RELEASE\spring-jdbc-5.1.3.RELEASE.jar;D:\repositorioLocalMaven\javax\transaction\javax.transaction-api\1.3\javax.transaction-api-1.3.jar;D:\repositorioLocalMaven\javax\xml\bind\jaxb-api\2.3.1\jaxb-api-2.3.1.jar;D:\repositorioLocalMaven\javax\activation\javax.activation-api\1.2.0\javax.activation-api-1.2.0.jar;D:\repositorioLocalMaven\org\hibernate\hibernate-core\5.3.7.Final\hibernate-core-5.3.7.Final.jar;D:\repositorioLocalMaven\javax\persistence\javax.persistence-api\2.2\javax.persistence-api-2.2.jar;D:\repositorioLocalMaven\org\javassist\javassist\3.23.1-GA\javassist-3.23.1-GA.jar;D:\repositorioLocalMaven\antlr\antlr\2.7.7\antlr-2.7.7.jar;D:\repositorioLocalMaven\org\jboss\jandex\2.0.5.Final\jandex-2.0.5.Final.jar;D:\repositorioLocalMaven\org\dom4j\dom4j\2.1.1\dom4j-2.1.1.jar;D:\repositorioLocalMaven\org\hibernate\common\hibernate-commons-annotations\5.0.4.Final\hibernate-commons-annotations-5.0.4.Final.jar;D:\repositorioLocalMaven\org\springframework\data\spring-data-jpa\2.1.3.RELEASE\spring-data-jpa-2.1.3.RELEASE.jar;D:\repositorioLocalMaven\org\springframework\data\spring-data-commons\2.1.3.RELEASE\spring-data-commons-2.1.3.RELEASE.jar;D:\repositorioLocalMaven\org\springframework\spring-orm\5.1.3.RELEASE\spring-orm-5.1.3.RELEASE.jar;D:\repositorioLocalMaven\org\springframework\spring-tx\5.1.3.RELEASE\spring-tx-5.1.3.RELEASE.jar;D:\repositorioLocalMaven\org\springframework\spring-aspects\5.1.3.RELEASE\spring-aspects-5.1.3.RELEASE.jar;D:\repositorioLocalMaven\com\h2database\h2\1.4.197\h2-1.4.197.jar;D:\repositorioLocalMaven\mysql\mysql-connector-java\8.0.13\mysql-connector-java-8.0.13.jar;D:\repositorioLocalMaven\org\springframework\boot\spring-boot-starter-actuator\2.1.1.RELEASE\spring-boot-starter-actuator-2.1.1.RELEASE.jar;D:\repositorioLocalMaven\org\springframework\boot\spring-boot-starter\2.1.1.RELEASE\spring-boot-starter-2.1.1.RELEASE.jar;D:\repositorioLocalMaven\org\springframework\boot\spring-boot-starter-logging\2.1.1.RELEASE\spring-boot-starter-logging-2.1.1.RELEASE.jar;D:\repositorioLocalMaven\ch\qos\logback\logback-classic\1.2.3\logback-classic-1.2.3.jar;D:\repositorioLocalMaven\ch\qos\logback\logback-core\1.2.3\logback-core-1.2.3.jar;D:\repositorioLocalMaven\org\apache\logging\log4j\log4j-to-slf4j\2.11.1\log4j-to-slf4j-2.11.1.jar;D:\repositorioLocalMaven\org\apache\logging\log4j\log4j-api\2.11.1\log4j-api-2.11.1.jar;D:\repositorioLocalMaven\org\slf4j\jul-to-slf4j\1.7.25\jul-to-slf4j-1.7.25.jar;D:\repositorioLocalMaven\javax\annotation\javax.annotation-api\1.3.2\javax.annotation-api-1.3.2.jar;D:\repositorioLocalMaven\org\yaml\snakeyaml\1.23\snakeyaml-1.23.jar;D:\repositorioLocalMaven\org\springframework\boot\spring-boot-actuator-autoconfigure\2.1.1.RELEASE\spring-boot-actuator-autoconfigure-2.1.1.RELEASE.jar;D:\repositorioLocalMaven\org\springframework\boot\spring-boot-actuator\2.1.1.RELEASE\spring-boot-actuator-2.1.1.RELEASE.jar;D:\repositorioLocalMaven\com\fasterxml\jackson\core\jackson-databind\2.9.7\jackson-databind-2.9.7.jar;D:\repositorioLocalMaven\com\fasterxml\jackson\core\jackson-annotations\2.9.0\jackson-annotations-2.9.0.jar;D:\repositorioLocalMaven\org\springframework\spring-context\5.1.3.RELEASE\spring-context-5.1.3.RELEASE.jar;D:\repositorioLocalMaven\com\fasterxml\jackson\datatype\jackson-datatype-jsr310\2.9.7\jackson-datatype-jsr310-2.9.7.jar;D:\repositorioLocalMaven\io\micrometer\micrometer-core\1.1.1\micrometer-core-1.1.1.jar;D:\repositorioLocalMaven\org\hdrhistogram\HdrHistogram\2.1.9\HdrHistogram-2.1.9.jar;D:\repositorioLocalMaven\org\latencyutils\LatencyUtils\2.0.3\LatencyUtils-2.0.3.jar;D:\repositorioLocalMaven\org\springframework\boot\spring-boot-starter-thymeleaf\2.1.1.RELEASE\spring-boot-starter-thymeleaf-2.1.1.RELEASE.jar;D:\repositorioLocalMaven\org\thymeleaf\thymeleaf-spring5\3.0.11.RELEASE\thymeleaf-spring5-3.0.11.RELEASE.jar;D:\repositorioLocalMaven\org\thymeleaf\thymeleaf\3.0.11.RELEASE\thymeleaf-3.0.11.RELEASE.jar;D:\repositorioLocalMaven\org\attoparser\attoparser\2.0.5.RELEASE\attoparser-2.0.5.RELEASE.jar;D:\repositorioLocalMaven\org\unbescape\unbescape\1.1.6.RELEASE\unbescape-1.1.6.RELEASE.jar;D:\repositorioLocalMaven\org\thymeleaf\extras\thymeleaf-extras-java8time\3.0.2.RELEASE\thymeleaf-extras-java8time-3.0.2.RELEASE.jar;D:\repositorioLocalMaven\org\springframework\boot\spring-boot-starter-web\2.1.1.RELEASE\spring-boot-starter-web-2.1.1.RELEASE.jar;D:\repositorioLocalMaven\org\springframework\boot\spring-boot-starter-json\2.1.1.RELEASE\spring-boot-starter-json-2.1.1.RELEASE.jar;D:\repositorioLocalMaven\com\fasterxml\jackson\datatype\jackson-datatype-jdk8\2.9.7\jackson-datatype-jdk8-2.9.7.jar;D:\repositorioLocalMaven\com\fasterxml\jackson\module\jackson-module-parameter-names\2.9.7\jackson-module-parameter-names-2.9.7.jar;D:\repositorioLocalMaven\org\springframework\boot\spring-boot-starter-tomcat\2.1.1.RELEASE\spring-boot-starter-tomcat-2.1.1.RELEASE.jar;D:\repositorioLocalMaven\org\apache\tomcat\embed\tomcat-embed-core\9.0.13\tomcat-embed-core-9.0.13.jar;D:\repositorioLocalMaven\org\apache\tomcat\embed\tomcat-embed-el\9.0.13\tomcat-embed-el-9.0.13.jar;D:\repositorioLocalMaven\org\apache\tomcat\embed\tomcat-embed-websocket\9.0.13\tomcat-embed-websocket-9.0.13.jar;D:\repositorioLocalMaven\org\hibernate\validator\hibernate-validator\6.0.13.Final\hibernate-validator-6.0.13.Final.jar;D:\repositorioLocalMaven\javax\validation\validation-api\2.0.1.Final\validation-api-2.0.1.Final.jar;D:\repositorioLocalMaven\org\jboss\logging\jboss-logging\3.3.2.Final\jboss-logging-3.3.2.Final.jar;D:\repositorioLocalMaven\com\fasterxml\classmate\1.4.0\classmate-1.4.0.jar;D:\repositorioLocalMaven\org\springframework\spring-web\5.1.3.RELEASE\spring-web-5.1.3.RELEASE.jar;D:\repositorioLocalMaven\org\springframework\spring-beans\5.1.3.RELEASE\spring-beans-5.1.3.RELEASE.jar;D:\repositorioLocalMaven\org\springframework\spring-webmvc\5.1.3.RELEASE\spring-webmvc-5.1.3.RELEASE.jar;D:\repositorioLocalMaven\org\springframework\spring-aop\5.1.3.RELEASE\spring-aop-5.1.3.RELEASE.jar;D:\repositorioLocalMaven\org\springframework\spring-expression\5.1.3.RELEASE\spring-expression-5.1.3.RELEASE.jar;D:\repositorioLocalMaven\org\springframework\boot\spring-boot-devtools\2.1.1.RELEASE\spring-boot-devtools-2.1.1.RELEASE.jar;D:\repositorioLocalMaven\org\springframework\boot\spring-boot\2.1.1.RELEASE\spring-boot-2.1.1.RELEASE.jar;D:\repositorioLocalMaven\org\springframework\boot\spring-boot-autoconfigure\2.1.1.RELEASE\spring-boot-autoconfigure-2.1.1.RELEASE.jar;D:\repositorioLocalMaven\org\webjars\webjars-locator-core\0.35\webjars-locator-core-0.35.jar;D:\repositorioLocalMaven\org\slf4j\slf4j-api\1.7.25\slf4j-api-1.7.25.jar;D:\repositorioLocalMaven\org\apache\commons\commons-lang3\3.8.1\commons-lang3-3.8.1.jar;D:\repositorioLocalMaven\org\apache\commons\commons-compress\1.9\commons-compress-1.9.jar;D:\repositorioLocalMaven\com\fasterxml\jackson\core\jackson-core\2.9.7\jackson-core-2.9.7.jar;D:\repositorioLocalMaven\org\webjars\jquery\2.2.4\jquery-2.2.4.jar;D:\repositorioLocalMaven\org\webjars\jquery-ui\1.11.4\jquery-ui-1.11.4.jar;D:\repositorioLocalMaven\org\webjars\bootstrap\3.3.6\bootstrap-3.3.6.jar;D:\repositorioLocalMaven\org\springframework\boot\spring-boot-starter-test\2.1.1.RELEASE\spring-boot-starter-test-2.1.1.RELEASE.jar;D:\repositorioLocalMaven\org\springframework\boot\spring-boot-test\2.1.1.RELEASE\spring-boot-test-2.1.1.RELEASE.jar;D:\repositorioLocalMaven\org\springframework\boot\spring-boot-test-autoconfigure\2.1.1.RELEASE\spring-boot-test-autoconfigure-2.1.1.RELEASE.jar;D:\repositorioLocalMaven\com\jayway\jsonpath\json-path\2.4.0\json-path-2.4.0.jar;D:\repositorioLocalMaven\net\minidev\json-smart\2.3\json-smart-2.3.jar;D:\repositorioLocalMaven\net\minidev\accessors-smart\1.2\accessors-smart-1.2.jar;D:\repositorioLocalMaven\org\ow2\asm\asm\5.0.4\asm-5.0.4.jar;D:\repositorioLocalMaven\junit\junit\4.12\junit-4.12.jar;D:\repositorioLocalMaven\org\assertj\assertj-core\3.11.1\assertj-core-3.11.1.jar;D:\repositorioLocalMaven\org\mockito\mockito-core\2.23.4\mockito-core-2.23.4.jar;D:\repositorioLocalMaven\net\bytebuddy\byte-buddy\1.9.5\byte-buddy-1.9.5.jar;D:\repositorioLocalMaven\net\bytebuddy\byte-buddy-agent\1.9.5\byte-buddy-agent-1.9.5.jar;D:\repositorioLocalMaven\org\objenesis\objenesis\2.6\objenesis-2.6.jar;D:\repositorioLocalMaven\org\hamcrest\hamcrest-core\1.3\hamcrest-core-1.3.jar;D:\repositorioLocalMaven\org\hamcrest\hamcrest-library\1.3\hamcrest-library-1.3.jar;D:\repositorioLocalMaven\org\skyscreamer\jsonassert\1.5.0\jsonassert-1.5.0.jar;D:\repositorioLocalMaven\com\vaadin\external\google\android-json\0.0.20131108.vaadin1\android-json-0.0.20131108.vaadin1.jar;D:\repositorioLocalMaven\org\springframework\spring-core\5.1.3.RELEASE\spring-core-5.1.3.RELEASE.jar;D:\repositorioLocalMaven\org\springframework\spring-jcl\5.1.3.RELEASE\spring-jcl-5.1.3.RELEASE.jar;D:\repositorioLocalMaven\org\springframework\spring-test\5.1.3.RELEASE\spring-test-5.1.3.RELEASE.jar;D:\repositorioLocalMaven\org\xmlunit\xmlunit-core\2.6.2\xmlunit-core-2.6.2.jar;"/>
    <property name="sun.cpu.endian" value="little"/>
    <property name="user.home" value="C:\Users\abelf"/>
    <property name="user.language" value="es"/>
    <property name="java.specification.vendor" value="Oracle Corporation"/>
    <property name="java.home" value="C:\Program Files\Java\jdk1.8.0_201\jre"/>
    <property name="basedir" value="D:\Develop\repositoriosGit\gitKraken\guru-pet-clinic\guru-pet-clinic-web"/>
    <property name="file.separator" value="\"/>
    <property name="line.separator" value="&#10;"/>
    <property name="java.vm.specification.vendor" value="Oracle Corporation"/>
    <property name="java.specification.name" value="Java Platform API Specification"/>
    <property name="java.awt.graphicsenv" value="sun.awt.Win32GraphicsEnvironment"/>
    <property name="surefire.real.class.path" value="C:\Users\abelf\AppData\Local\Temp\surefire986741435619021448\surefirebooter1451167266842750079.jar"/>
    <property name="sun.boot.class.path" value="C:\Program Files\Java\jdk1.8.0_201\jre\lib\resources.jar;C:\Program Files\Java\jdk1.8.0_201\jre\lib\rt.jar;C:\Program Files\Java\jdk1.8.0_201\jre\lib\sunrsasign.jar;C:\Program Files\Java\jdk1.8.0_201\jre\lib\jsse.jar;C:\Program Files\Java\jdk1.8.0_201\jre\lib\jce.jar;C:\Program Files\Java\jdk1.8.0_201\jre\lib\charsets.jar;C:\Program Files\Java\jdk1.8.0_201\jre\lib\jfr.jar;C:\Program Files\Java\jdk1.8.0_201\jre\classes"/>
    <property name="user.script" value=""/>
    <property name="sun.management.compiler" value="HotSpot 64-Bit Tiered Compilers"/>
    <property name="java.runtime.version" value="1.8.0_201-b09"/>
    <property name="user.name" value="abelf"/>
    <property name="path.separator" value=";"/>
    <property name="os.version" value="10.0"/>
    <property name="java.endorsed.dirs" value="C:\Program Files\Java\jdk1.8.0_201\jre\lib\endorsed"/>
    <property name="java.runtime.name" value="Java(TM) SE Runtime Environment"/>
    <property name="file.encoding" value="Cp1252"/>
    <property name="java.vm.name" value="Java HotSpot(TM) 64-Bit Server VM"/>
    <property name="localRepository" value="D:\repositorioLocalMaven"/>
    <property name="java.vendor.url.bug" value="http://bugreport.sun.com/bugreport/"/>
    <property name="java.io.tmpdir" value="C:\Users\abelf\AppData\Local\Temp\"/>
    <property name="java.version" value="1.8.0_201"/>
    <property name="user.dir" value="D:\Develop\repositoriosGit\gitKraken\guru-pet-clinic\guru-pet-clinic-web"/>
    <property name="os.arch" value="amd64"/>
    <property name="java.vm.specification.name" value="Java Virtual Machine Specification"/>
    <property name="java.awt.printerjob" value="sun.awt.windows.WPrinterJob"/>
    <property name="sun.os.patch.level" value=""/>
    <property name="java.library.path" value="C:\Program Files\Java\jdk1.8.0_201\jre\bin;C:\WINDOWS\Sun\Java\bin;C:\WINDOWS\system32;C:\WINDOWS;C:/Program Files/Java/jre1.8.0_201/bin/server;C:/Program Files/Java/jre1.8.0_201/bin;C:/Program Files/Java/jre1.8.0_201/lib/amd64;C:\Program Files\Haskell\bin;C:\Program Files\Haskell Platform\8.6.3\lib\extralibs\bin;C:\Program Files\Haskell Platform\8.6.3\bin;C:\Program Files (x86)\Common Files\Oracle\Java\javapath;C:\Program Files (x86)\Intel\iCLS Client\;C:\Program Files\Intel\iCLS Client\;C:\Windows\system32;C:\Windows;C:\Windows\System32\Wbem;C:\Windows\System32\WindowsPowerShell\v1.0\;C:\Windows\System32\OpenSSH\;C:\Program Files (x86)\NVIDIA Corporation\PhysX\Common;C:\Program Files (x86)\Intel\Intel(R) Management Engine Components\DAL;C:\Program Files\Intel\Intel(R) Management Engine Components\DAL;C:\Program Files (x86)\Intel\Intel(R) Management Engine Components\IPT;C:\Program Files\Intel\Intel(R) Management Engine Components\IPT;C:\Program Files\Intel\WiFi\bin\;C:\Program Files\Common Files\Intel\WirelessCommon\;C:\Program Files\Calibre2\;C:\Program Files\PuTTY\;C:\Program Files\Git\cmd;C:\Program Files\apache-maven-3.5.4\bin;C:\Program Files\Java\jdk1.8.0_181\bin;C:\Program Files\TortoiseSVN\bin;C:\Program Files\NVIDIA Corporation\NVIDIA NvDLISR;C:\Program Files\nodejs\;C:\WINDOWS\system32;C:\WINDOWS;C:\WINDOWS\System32\Wbem;C:\WINDOWS\System32\WindowsPowerShell\v1.0\;C:\WINDOWS\System32\OpenSSH\;C:\Program Files (x86)\Calibre2\;C:\OpenSSL-Win64\bin;C:\Program Files\Haskell Platform\8.6.3\mingw\bin;D:\Develop\sonarqube-7.7;C:\Users\abelf\AppData\Roaming\cabal\bin;C:\Users\abelf\AppData\Roaming\local\bin;C:\Users\abelf\AppData\Local\Microsoft\WindowsApps;C:\Program Files\Intel\WiFi\bin\;C:\Program Files\Common Files\Intel\WirelessCommon\;C:\Program Files\JetBrains\IntelliJ IDEA 2018.3.1\bin;C:\Program Files\JetBrains\WebStorm 2018.3.1\bin;C:\Users\abelf\AppData\Roaming\npm;C:\Users\abelf\AppData\Local\Programs\Microsoft VS Code\bin;C:\Users\abelf\AppData\Local\atom\bin;C:\Program Files\heroku\bin;D:\Develop\IDE\eclipse-2018-12-R-java;;."/>
    <property name="java.vm.info" value="mixed mode"/>
    <property name="java.vendor" value="Oracle Corporation"/>
    <property name="java.vm.version" value="25.201-b09"/>
    <property name="java.ext.dirs" value="C:\Program Files\Java\jdk1.8.0_201\jre\lib\ext;C:\WINDOWS\Sun\Java\lib\ext"/>
    <property name="sun.io.unicode.encoding" value="UnicodeLittle"/>
    <property name="java.class.version" value="52.0"/>
  </properties>
  <testcase name="contextLoads" classname="guru.springframework.sfgpetclinic.GuruPetClinicApplicationTests" time="0.098"/>
</testsuite>